# JRE version: Java(TM) SE Runtime Environment (8.0_201-b09) (build 1.8.0_201-b09)
# Java VM: Java HotSpot(TM) 64-Bit Server VM (25.201-b09 mixed mode bsd-amd64 compressed oops)
Heap:
 PSYoungGen      total 270336K, used 4275K [0x0000000795580000, 0x00000007a6180000, 0x00000007c0000000)
  eden space 266240K, 1% used [0x0000000795580000,0x00000007959acf68,0x00000007a5980000)
  from space 4096K, 0% used [0x00000007a5d80000,0x00000007a5d80000,0x00000007a6180000)
  to   space 4096K, 0% used [0x00000007a5980000,0x00000007a5980000,0x00000007a5d80000)
 ParOldGen       total 87552K, used 2793K [0x0000000740000000, 0x0000000745580000, 0x0000000795580000)
  object space 87552K, 3% used [0x0000000740000000,0x00000007402ba488,0x0000000745580000)
 Metaspace       used 10853K, capacity 11212K, committed 11392K, reserved 1058816K
  class space    used 1255K, capacity 1361K, committed 1408K, reserved 1048576K
GC Heap History (10 events):
Event: 1.726 GC heap before
{Heap before GC invocations=6 (full 1):
 PSYoungGen      total 71680K, used 66560K [0x0000000795580000, 0x000000079a080000, 0x00000007c0000000)
  eden space 66560K, 100% used [0x0000000795580000,0x0000000799680000,0x0000000799680000)
  from space 5120K, 0% used [0x0000000799b80000,0x0000000799b80000,0x000000079a080000)
  to   space 5120K, 0% used [0x0000000799680000,0x0000000799680000,0x0000000799b80000)
 ParOldGen       total 87552K, used 2347K [0x0000000740000000, 0x0000000745580000, 0x0000000795580000)
  object space 87552K, 2% used [0x0000000740000000,0x000000074024af30,0x0000000745580000)
 Metaspace       used 10397K, capacity 10670K, committed 10880K, reserved 1058816K
  class space    used 1233K, capacity 1324K, committed 1408K, reserved 1048576K
Event: 1.728 GC heap after
Heap after GC invocations=6 (full 1):
 PSYoungGen      total 71680K, used 704K [0x0000000795580000, 0x000000079e180000, 0x00000007c0000000)
  eden space 66560K, 0% used [0x0000000795580000,0x0000000795580000,0x0000000799680000)
  from space 5120K, 13% used [0x0000000799680000,0x0000000799730000,0x0000000799b80000)
  to   space 5120K, 0% used [0x000000079dc80000,0x000000079dc80000,0x000000079e180000)
 ParOldGen       total 87552K, used 2355K [0x0000000740000000, 0x0000000745580000, 0x0000000795580000)
  object space 87552K, 2% used [0x0000000740000000,0x000000074024cf30,0x0000000745580000)
 Metaspace       used 10397K, capacity 10670K, committed 10880K, reserved 1058816K
  class space    used 1233K, capacity 1324K, committed 1408K, reserved 1048576K
}
Event: 1.749 GC heap before
{Heap before GC invocations=7 (full 1):
 PSYoungGen      total 71680K, used 67264K [0x0000000795580000, 0x000000079e180000, 0x00000007c0000000)
  eden space 66560K, 100% used [0x0000000795580000,0x0000000799680000,0x0000000799680000)
  from space 5120K, 13% used [0x0000000799680000,0x0000000799730000,0x0000000799b80000)
  to   space 5120K, 0% used [0x000000079dc80000,0x000000079dc80000,0x000000079e180000)
 ParOldGen       total 87552K, used 2355K [0x0000000740000000, 0x0000000745580000, 0x0000000795580000)
  object space 87552K, 2% used [0x0000000740000000,0x000000074024cf30,0x0000000745580000)
 Metaspace       used 10405K, capacity 10670K, committed 10880K, reserved 1058816K
  class space    used 1233K, capacity 1324K, committed 1408K, reserved 1048576K
Event: 1.750 GC heap after
Heap after GC invocations=7 (full 1):
 PSYoungGen      total 136192K, used 672K [0x0000000795580000, 0x000000079df80000, 0x00000007c0000000)
  eden space 133120K, 0% used [0x0000000795580000,0x0000000795580000,0x000000079d780000)
  from space 3072K, 21% used [0x000000079dc80000,0x000000079dd28000,0x000000079df80000)
  to   space 4096K, 0% used [0x000000079d780000,0x000000079d780000,0x000000079db80000)
 ParOldGen       total 87552K, used 2363K [0x0000000740000000, 0x0000000745580000, 0x0000000795580000)
  object space 87552K, 2% used [0x0000000740000000,0x000000074024ef30,0x0000000745580000)
 Metaspace       used 10405K, capacity 10670K, committed 10880K, reserved 1058816K
  class space    used 1233K, capacity 1324K, committed 1408K, reserved 1048576K
}
Event: 1.803 GC heap before
{Heap before GC invocations=8 (full 1):
 PSYoungGen      total 136192K, used 133792K [0x0000000795580000, 0x000000079df80000, 0x00000007c0000000)
  eden space 133120K, 100% used [0x0000000795580000,0x000000079d780000,0x000000079d780000)
  from space 3072K, 21% used [0x000000079dc80000,0x000000079dd28000,0x000000079df80000)
  to   space 4096K, 0% used [0x000000079d780000,0x000000079d780000,0x000000079db80000)
 ParOldGen       total 87552K, used 2363K [0x0000000740000000, 0x0000000745580000, 0x0000000795580000)
  object space 87552K, 2% used [0x0000000740000000,0x000000074024ef30,0x0000000745580000)
 Metaspace       used 10405K, capacity 10670K, committed 10880K, reserved 1058816K
  class space    used 1233K, capacity 1324K, committed 1408K, reserved 1048576K
Event: 1.804 GC heap after
Heap after GC invocations=8 (full 1):
 PSYoungGen      total 137216K, used 704K [0x0000000795580000, 0x00000007a6180000, 0x00000007c0000000)
  eden space 133120K, 0% used [0x0000000795580000,0x0000000795580000,0x000000079d780000)
  from space 4096K, 17% used [0x000000079d780000,0x000000079d830000,0x000000079db80000)
  to   space 4096K, 0% used [0x00000007a5d80000,0x00000007a5d80000,0x00000007a6180000)
 ParOldGen       total 87552K, used 2363K [0x0000000740000000, 0x0000000745580000, 0x0000000795580000)
  object space 87552K, 2% used [0x0000000740000000,0x000000074024ef30,0x0000000745580000)
 Metaspace       used 10405K, capacity 10670K, committed 10880K, reserved 1058816K
  class space    used 1233K, capacity 1324K, committed 1408K, reserved 1048576K
}
Event: 3.192 GC heap before
{Heap before GC invocations=9 (full 1):
 PSYoungGen      total 137216K, used 51138K [0x0000000795580000, 0x00000007a6180000, 0x00000007c0000000)
  eden space 133120K, 37% used [0x0000000795580000,0x00000007986c0938,0x000000079d780000)
  from space 4096K, 17% used [0x000000079d780000,0x000000079d830000,0x000000079db80000)
  to   space 4096K, 0% used [0x00000007a5d80000,0x00000007a5d80000,0x00000007a6180000)
 ParOldGen       total 87552K, used 2363K [0x0000000740000000, 0x0000000745580000, 0x0000000795580000)
  object space 87552K, 2% used [0x0000000740000000,0x000000074024ef30,0x0000000745580000)
 Metaspace       used 10853K, capacity 11212K, committed 11392K, reserved 1058816K
  class space    used 1255K, capacity 1361K, committed 1408K, reserved 1048576K
Event: 3.194 GC heap after
Heap after GC invocations=9 (full 1):
 PSYoungGen      total 270336K, used 640K [0x0000000795580000, 0x00000007a6180000, 0x00000007c0000000)
  eden space 266240K, 0% used [0x0000000795580000,0x0000000795580000,0x00000007a5980000)
  from space 4096K, 15% used [0x00000007a5d80000,0x00000007a5e20000,0x00000007a6180000)
  to   space 4096K, 0% used [0x00000007a5980000,0x00000007a5980000,0x00000007a5d80000)
 ParOldGen       total 87552K, used 2371K [0x0000000740000000, 0x0000000745580000, 0x0000000795580000)
  object space 87552K, 2% used [0x0000000740000000,0x0000000740250f30,0x0000000745580000)
 Metaspace       used 10853K, capacity 11212K, committed 11392K, reserved 1058816K
  class space    used 1255K, capacity 1361K, committed 1408K, reserved 1048576K
}
Event: 3.194 GC heap before
{Heap before GC invocations=10 (full 2):
 PSYoungGen      total 270336K, used 640K [0x0000000795580000, 0x00000007a6180000, 0x00000007c0000000)
  eden space 266240K, 0% used [0x0000000795580000,0x0000000795580000,0x00000007a5980000)
  from space 4096K, 15% used [0x00000007a5d80000,0x00000007a5e20000,0x00000007a6180000)
  to   space 4096K, 0% used [0x00000007a5980000,0x00000007a5980000,0x00000007a5d80000)
 ParOldGen       total 87552K, used 2371K [0x0000000740000000, 0x0000000745580000, 0x0000000795580000)
  object space 87552K, 2% used [0x0000000740000000,0x0000000740250f30,0x0000000745580000)
 Metaspace       used 10853K, capacity 11212K, committed 11392K, reserved 1058816K
  class space    used 1255K, capacity 1361K, committed 1408K, reserved 1048576K
Event: 3.235 GC heap after
Heap after GC invocations=10 (full 2):
 PSYoungGen      total 270336K, used 0K [0x0000000795580000, 0x00000007a6180000, 0x00000007c0000000)
  eden space 266240K, 0% used [0x0000000795580000,0x0000000795580000,0x00000007a5980000)
  from space 4096K, 0% used [0x00000007a5d80000,0x00000007a5d80000,0x00000007a6180000)
  to   space 4096K, 0% used [0x00000007a5980000,0x00000007a5980000,0x00000007a5d80000)
 ParOldGen       total 87552K, used 2793K [0x0000000740000000, 0x0000000745580000, 0x0000000795580000)
  object space 87552K, 3% used [0x0000000740000000,0x00000007402ba488,0x0000000745580000)
 Metaspace       used 10853K, capacity 11212K, committed 11392K, reserved 1058816K
  class space    used 1255K, capacity 1361K, committed 1408K, reserved 1048576K
}

