# JRE version: Java(TM) SE Runtime Environment (8.0_201-b09) (build 1.8.0_201-b09)
# Java VM: Java HotSpot(TM) 64-Bit Server VM (25.201-b09 mixed mode bsd-amd64 compressed oops)
Heap:
 PSYoungGen      total 139264K, used 2831K [0x0000000795580000, 0x000000079e180000, 0x00000007c0000000)
  eden space 135168K, 2% used [0x0000000795580000,0x0000000795843f10,0x000000079d980000)
  from space 4096K, 0% used [0x000000079d980000,0x000000079d980000,0x000000079dd80000)
  to   space 4096K, 0% used [0x000000079dd80000,0x000000079dd80000,0x000000079e180000)
 ParOldGen       total 87552K, used 2772K [0x0000000740000000, 0x0000000745580000, 0x0000000795580000)
  object space 87552K, 3% used [0x0000000740000000,0x00000007402b53b0,0x0000000745580000)
 Metaspace       used 10865K, capacity 11208K, committed 11392K, reserved 1058816K
  class space    used 1255K, capacity 1361K, committed 1408K, reserved 1048576K
GC Heap History (10 events):
Event: 2.249 GC heap before
{Heap before GC invocations=7 (full 1):
 PSYoungGen      total 71680K, used 67392K [0x0000000795580000, 0x000000079a080000, 0x00000007c0000000)
  eden space 66560K, 100% used [0x0000000795580000,0x0000000799680000,0x0000000799680000)
  from space 5120K, 16% used [0x0000000799680000,0x0000000799750000,0x0000000799b80000)
  to   space 5120K, 0% used [0x0000000799b80000,0x0000000799b80000,0x000000079a080000)
 ParOldGen       total 87552K, used 2282K [0x0000000740000000, 0x0000000745580000, 0x0000000795580000)
  object space 87552K, 2% used [0x0000000740000000,0x000000074023ab88,0x0000000745580000)
 Metaspace       used 10408K, capacity 10670K, committed 10880K, reserved 1058816K
  class space    used 1233K, capacity 1324K, committed 1408K, reserved 1048576K
Event: 2.250 GC heap after
Heap after GC invocations=7 (full 1):
 PSYoungGen      total 72704K, used 672K [0x0000000795580000, 0x000000079df80000, 0x00000007c0000000)
  eden space 67584K, 0% used [0x0000000795580000,0x0000000795580000,0x0000000799780000)
  from space 5120K, 13% used [0x0000000799b80000,0x0000000799c28000,0x000000079a080000)
  to   space 4096K, 0% used [0x0000000799780000,0x0000000799780000,0x0000000799b80000)
 ParOldGen       total 87552K, used 2282K [0x0000000740000000, 0x0000000745580000, 0x0000000795580000)
  object space 87552K, 2% used [0x0000000740000000,0x000000074023ab88,0x0000000745580000)
 Metaspace       used 10408K, capacity 10670K, committed 10880K, reserved 1058816K
  class space    used 1233K, capacity 1324K, committed 1408K, reserved 1048576K
}
Event: 2.275 GC heap before
{Heap before GC invocations=8 (full 1):
 PSYoungGen      total 72704K, used 68256K [0x0000000795580000, 0x000000079df80000, 0x00000007c0000000)
  eden space 67584K, 100% used [0x0000000795580000,0x0000000799780000,0x0000000799780000)
  from space 5120K, 13% used [0x0000000799b80000,0x0000000799c28000,0x000000079a080000)
  to   space 4096K, 0% used [0x0000000799780000,0x0000000799780000,0x0000000799b80000)
 ParOldGen       total 87552K, used 2282K [0x0000000740000000, 0x0000000745580000, 0x0000000795580000)
  object space 87552K, 2% used [0x0000000740000000,0x000000074023ab88,0x0000000745580000)
 Metaspace       used 10413K, capacity 10670K, committed 10880K, reserved 1058816K
  class space    used 1233K, capacity 1324K, committed 1408K, reserved 1048576K
Event: 2.277 GC heap after
Heap after GC invocations=8 (full 1):
 PSYoungGen      total 71680K, used 672K [0x0000000795580000, 0x000000079e180000, 0x00000007c0000000)
  eden space 67584K, 0% used [0x0000000795580000,0x0000000795580000,0x0000000799780000)
  from space 4096K, 16% used [0x0000000799780000,0x0000000799828000,0x0000000799b80000)
  to   space 4096K, 0% used [0x000000079dd80000,0x000000079dd80000,0x000000079e180000)
 ParOldGen       total 87552K, used 2290K [0x0000000740000000, 0x0000000745580000, 0x0000000795580000)
  object space 87552K, 2% used [0x0000000740000000,0x000000074023cb88,0x0000000745580000)
 Metaspace       used 10413K, capacity 10670K, committed 10880K, reserved 1058816K
  class space    used 1233K, capacity 1324K, committed 1408K, reserved 1048576K
}
Event: 2.310 GC heap before
{Heap before GC invocations=9 (full 1):
 PSYoungGen      total 71680K, used 68256K [0x0000000795580000, 0x000000079e180000, 0x00000007c0000000)
  eden space 67584K, 100% used [0x0000000795580000,0x0000000799780000,0x0000000799780000)
  from space 4096K, 16% used [0x0000000799780000,0x0000000799828000,0x0000000799b80000)
  to   space 4096K, 0% used [0x000000079dd80000,0x000000079dd80000,0x000000079e180000)
 ParOldGen       total 87552K, used 2290K [0x0000000740000000, 0x0000000745580000, 0x0000000795580000)
  object space 87552K, 2% used [0x0000000740000000,0x000000074023cb88,0x0000000745580000)
 Metaspace       used 10413K, capacity 10670K, committed 10880K, reserved 1058816K
  class space    used 1233K, capacity 1324K, committed 1408K, reserved 1048576K
Event: 2.311 GC heap after
Heap after GC invocations=9 (full 1):
 PSYoungGen      total 139264K, used 704K [0x0000000795580000, 0x000000079e180000, 0x00000007c0000000)
  eden space 135168K, 0% used [0x0000000795580000,0x0000000795580000,0x000000079d980000)
  from space 4096K, 17% used [0x000000079dd80000,0x000000079de30000,0x000000079e180000)
  to   space 4096K, 0% used [0x000000079d980000,0x000000079d980000,0x000000079dd80000)
 ParOldGen       total 87552K, used 2298K [0x0000000740000000, 0x0000000745580000, 0x0000000795580000)
  object space 87552K, 2% used [0x0000000740000000,0x000000074023eb88,0x0000000745580000)
 Metaspace       used 10413K, capacity 10670K, committed 10880K, reserved 1058816K
  class space    used 1233K, capacity 1324K, committed 1408K, reserved 1048576K
}
Event: 3.710 GC heap before
{Heap before GC invocations=10 (full 1):
 PSYoungGen      total 139264K, used 78218K [0x0000000795580000, 0x000000079e180000, 0x00000007c0000000)
  eden space 135168K, 57% used [0x0000000795580000,0x000000079a132a48,0x000000079d980000)
  from space 4096K, 17% used [0x000000079dd80000,0x000000079de30000,0x000000079e180000)
  to   space 4096K, 0% used [0x000000079d980000,0x000000079d980000,0x000000079dd80000)
 ParOldGen       total 87552K, used 2298K [0x0000000740000000, 0x0000000745580000, 0x0000000795580000)
  object space 87552K, 2% used [0x0000000740000000,0x000000074023eb88,0x0000000745580000)
 Metaspace       used 10865K, capacity 11208K, committed 11392K, reserved 1058816K
  class space    used 1255K, capacity 1361K, committed 1408K, reserved 1048576K
Event: 3.712 GC heap after
Heap after GC invocations=10 (full 1):
 PSYoungGen      total 139264K, used 640K [0x0000000795580000, 0x000000079e180000, 0x00000007c0000000)
  eden space 135168K, 0% used [0x0000000795580000,0x0000000795580000,0x000000079d980000)
  from space 4096K, 15% used [0x000000079d980000,0x000000079da20000,0x000000079dd80000)
  to   space 4096K, 0% used [0x000000079dd80000,0x000000079dd80000,0x000000079e180000)
 ParOldGen       total 87552K, used 2346K [0x0000000740000000, 0x0000000745580000, 0x0000000795580000)
  object space 87552K, 2% used [0x0000000740000000,0x000000074024ab88,0x0000000745580000)
 Metaspace       used 10865K, capacity 11208K, committed 11392K, reserved 1058816K
  class space    used 1255K, capacity 1361K, committed 1408K, reserved 1048576K
}
Event: 3.713 GC heap before
{Heap before GC invocations=11 (full 2):
 PSYoungGen      total 139264K, used 640K [0x0000000795580000, 0x000000079e180000, 0x00000007c0000000)
  eden space 135168K, 0% used [0x0000000795580000,0x0000000795580000,0x000000079d980000)
  from space 4096K, 15% used [0x000000079d980000,0x000000079da20000,0x000000079dd80000)
  to   space 4096K, 0% used [0x000000079dd80000,0x000000079dd80000,0x000000079e180000)
 ParOldGen       total 87552K, used 2346K [0x0000000740000000, 0x0000000745580000, 0x0000000795580000)
  object space 87552K, 2% used [0x0000000740000000,0x000000074024ab88,0x0000000745580000)
 Metaspace       used 10865K, capacity 11208K, committed 11392K, reserved 1058816K
  class space    used 1255K, capacity 1361K, committed 1408K, reserved 1048576K
Event: 3.753 GC heap after
Heap after GC invocations=11 (full 2):
 PSYoungGen      total 139264K, used 0K [0x0000000795580000, 0x000000079e180000, 0x00000007c0000000)
  eden space 135168K, 0% used [0x0000000795580000,0x0000000795580000,0x000000079d980000)
  from space 4096K, 0% used [0x000000079d980000,0x000000079d980000,0x000000079dd80000)
  to   space 4096K, 0% used [0x000000079dd80000,0x000000079dd80000,0x000000079e180000)
 ParOldGen       total 87552K, used 2772K [0x0000000740000000, 0x0000000745580000, 0x0000000795580000)
  object space 87552K, 3% used [0x0000000740000000,0x00000007402b53b0,0x0000000745580000)
 Metaspace       used 10865K, capacity 11208K, committed 11392K, reserved 1058816K
  class space    used 1255K, capacity 1361K, committed 1408K, reserved 1048576K
}

